  SceneLevel1.cpp
D:\OpenGL Attemps\Project1\Project1\Shader.h(46,35): warning C4101: 'e': unreferenced local variable
D:\OpenGL Attemps\Project1\Project1\Mesh.h(78,1): warning C4267: 'argument': conversion from 'size_t' to 'GLsizei', possible loss of data
D:\OpenGL Attemps\Project1\Project1\SceneLevel1.cpp(106,132): warning C4244: 'argument': conversion from 'double' to 'float', possible loss of data
D:\OpenGL Attemps\Project1\Project1\SceneLevel1.cpp(106,103): warning C4244: 'argument': conversion from 'double' to 'float', possible loss of data
D:\OpenGL Attemps\Project1\Project1\SceneLevel1.cpp(106,74): warning C4244: 'argument': conversion from 'double' to 'float', possible loss of data
D:\OpenGL Attemps\Project1\Project1\SceneLevel1.cpp(110,56): warning C4305: 'argument': truncation from 'double' to 'float'
D:\OpenGL Attemps\Project1\Project1\SceneLevel1.cpp(111,60): warning C4305: 'argument': truncation from 'double' to 'float'
D:\OpenGL Attemps\Project1\Project1\SceneLevel1.cpp(114,132): warning C4244: 'argument': conversion from 'double' to 'float', possible loss of data
D:\OpenGL Attemps\Project1\Project1\SceneLevel1.cpp(114,103): warning C4244: 'argument': conversion from 'double' to 'float', possible loss of data
D:\OpenGL Attemps\Project1\Project1\SceneLevel1.cpp(114,74): warning C4244: 'argument': conversion from 'double' to 'float', possible loss of data
D:\OpenGL Attemps\Project1\Project1\SceneLevel1.cpp(118,56): warning C4305: 'argument': truncation from 'double' to 'float'
D:\OpenGL Attemps\Project1\Project1\SceneLevel1.cpp(119,60): warning C4305: 'argument': truncation from 'double' to 'float'
D:\OpenGL Attemps\Project1\Project1\SceneLevel1.cpp(122,132): warning C4244: 'argument': conversion from 'double' to 'float', possible loss of data
D:\OpenGL Attemps\Project1\Project1\SceneLevel1.cpp(122,103): warning C4244: 'argument': conversion from 'double' to 'float', possible loss of data
D:\OpenGL Attemps\Project1\Project1\SceneLevel1.cpp(122,74): warning C4244: 'argument': conversion from 'double' to 'float', possible loss of data
D:\OpenGL Attemps\Project1\Project1\SceneLevel1.cpp(126,56): warning C4305: 'argument': truncation from 'double' to 'float'
D:\OpenGL Attemps\Project1\Project1\SceneLevel1.cpp(127,60): warning C4305: 'argument': truncation from 'double' to 'float'
D:\OpenGL Attemps\Project1\Project1\SceneLevel1.cpp(130,132): warning C4244: 'argument': conversion from 'double' to 'float', possible loss of data
D:\OpenGL Attemps\Project1\Project1\SceneLevel1.cpp(130,103): warning C4244: 'argument': conversion from 'double' to 'float', possible loss of data
D:\OpenGL Attemps\Project1\Project1\SceneLevel1.cpp(130,74): warning C4244: 'argument': conversion from 'double' to 'float', possible loss of data
D:\OpenGL Attemps\Project1\Project1\SceneLevel1.cpp(134,56): warning C4305: 'argument': truncation from 'double' to 'float'
D:\OpenGL Attemps\Project1\Project1\SceneLevel1.cpp(135,60): warning C4305: 'argument': truncation from 'double' to 'float'
D:\OpenGL Attemps\Project1\Project1\SceneLevel1.cpp(143,51): warning C4305: 'argument': truncation from 'double' to 'float'
D:\OpenGL Attemps\Project1\Project1\SceneLevel1.cpp(144,55): warning C4305: 'argument': truncation from 'double' to 'float'
  Project1.vcxproj -> D:\OpenGL Attemps\Project1\x64\Debug\Project1.exe
