d:\opengl attemps\project1\project1\x64\debug\vc142.pdb
d:\opengl attemps\project1\project1\x64\debug\vc142.idb
d:\opengl attemps\project1\project1\x64\debug\uitext.obj
d:\opengl attemps\project1\project1\x64\debug\spherecollider.obj
d:\opengl attemps\project1\project1\x64\debug\scenemanager.obj
d:\opengl attemps\project1\project1\x64\debug\scenelevel1.obj
d:\opengl attemps\project1\project1\x64\debug\scene.obj
d:\opengl attemps\project1\project1\x64\debug\rigidbody.obj
d:\opengl attemps\project1\project1\x64\debug\polarbear.obj
d:\opengl attemps\project1\project1\x64\debug\physicsengine.obj
d:\opengl attemps\project1\project1\x64\debug\penguin.obj
d:\opengl attemps\project1\project1\x64\debug\model.obj
d:\opengl attemps\project1\project1\x64\debug\mesh.obj
d:\opengl attemps\project1\project1\x64\debug\lamp.obj
d:\opengl attemps\project1\project1\x64\debug\gameobject.obj
d:\opengl attemps\project1\project1\x64\debug\cube.obj
d:\opengl attemps\project1\project1\x64\debug\collider.obj
d:\opengl attemps\project1\project1\x64\debug\camera.obj
d:\opengl attemps\project1\project1\x64\debug\boxcollider.obj
d:\opengl attemps\project1\project1\x64\debug\project1.tlog\cl.command.1.tlog
d:\opengl attemps\project1\project1\x64\debug\project1.tlog\cl.read.1.tlog
d:\opengl attemps\project1\project1\x64\debug\project1.tlog\cl.write.1.tlog
